Oct 22 02:39:17 [DEBUG]: Route.View: /Volumes/EspionageMounts/gslepak/3117152101/Programming/Lisp/dragonfly-web-framework/example-site/views/dragonfly_tables
Oct 22 02:39:17 [DEBUG]: Column: ID
Oct 22 02:39:17 [ERROR]: ERR: string expected in function title-case : column_name
called from user defined function Dragonfly:print
called from user defined function Dragonfly:form-generate-from-columns
called from user defined function Web:eval-template
called from user defined function Route.View:run
called from user defined function Dragonfly:listener
called from user defined function run
Oct 22 02:40:12 [DEBUG]: Route.View: /Volumes/EspionageMounts/gslepak/3117152101/Programming/Lisp/dragonfly-web-framework/example-site/views/dragonfly_tables
Oct 22 02:40:12 [DEBUG]: Column: ID symbol? true
Oct 22 02:40:12 [ERROR]: ERR: string expected in function title-case : column_name
called from user defined function Dragonfly:print
called from user defined function Dragonfly:form-generate-from-columns
called from user defined function Web:eval-template
called from user defined function Route.View:run
called from user defined function Dragonfly:listener
called from user defined function run
Oct 22 02:40:35 [DEBUG]: Route.View: /Volumes/EspionageMounts/gslepak/3117152101/Programming/Lisp/dragonfly-web-framework/example-site/views/dragonfly_tables
Oct 22 02:40:35 [DEBUG]: Column: ID symbol? true
Oct 22 02:40:35 [ERROR]: ERR: string expected : (eval column_name)
called from user defined function Dragonfly:print
called from user defined function Dragonfly:form-generate-from-columns
called from user defined function Web:eval-template
called from user defined function Route.View:run
called from user defined function Dragonfly:listener
called from user defined function run
Oct 22 02:40:48 [DEBUG]: Route.View: /Volumes/EspionageMounts/gslepak/3117152101/Programming/Lisp/dragonfly-web-framework/example-site/views/dragonfly_tables
Oct 22 02:40:48 [DEBUG]: Column: ID symbol? true
Oct 22 02:40:48 [DEBUG]: Column: Headline symbol? true
Oct 22 02:40:48 [DEBUG]: Column: Date symbol? true
Oct 22 02:40:48 [DEBUG]: Column: Text symbol? true
Oct 22 02:40:48 [DEBUG]: Column: Author symbol? true
Oct 22 02:41:18 [DEBUG]: Route.View: /Volumes/EspionageMounts/gslepak/3117152101/Programming/Lisp/dragonfly-web-framework/example-site/views/dragonfly_ajax
Oct 22 02:41:18 [DEBUG]: Route.View: /Volumes/EspionageMounts/gslepak/3117152101/Programming/Lisp/dragonfly-web-framework/example-site/views/dragonfly_ajax-date
Oct 22 02:41:18 [DEBUG]: Route.View: /Volumes/EspionageMounts/gslepak/3117152101/Programming/Lisp/dragonfly-web-framework/example-site/views/dragonfly_ajax-twitter
Oct 22 02:41:19 [DEBUG]: Route.View: /Volumes/EspionageMounts/gslepak/3117152101/Programming/Lisp/dragonfly-web-framework/example-site/views/dragonfly_ajax-date
Oct 22 02:41:20 [DEBUG]: Route.View: /Volumes/EspionageMounts/gslepak/3117152101/Programming/Lisp/dragonfly-web-framework/example-site/views/dragonfly_ajax-twitter
Oct 22 02:41:20 [DEBUG]: Route.View: /Volumes/EspionageMounts/gslepak/3117152101/Programming/Lisp/dragonfly-web-framework/example-site/views/dragonfly_ajax-date
Oct 22 02:41:21 [DEBUG]: Route.View: /Volumes/EspionageMounts/gslepak/3117152101/Programming/Lisp/dragonfly-web-framework/example-site/views/dragonfly_ajax-twitter
Oct 22 02:41:22 [DEBUG]: Route.View: /Volumes/EspionageMounts/gslepak/3117152101/Programming/Lisp/dragonfly-web-framework/example-site/views/dragonfly_ajax-date
Oct 22 02:41:23 [DEBUG]: Route.View: /Volumes/EspionageMounts/gslepak/3117152101/Programming/Lisp/dragonfly-web-framework/example-site/views/dragonfly_ajax-twitter
Oct 22 02:41:23 [DEBUG]: Route.View: /Volumes/EspionageMounts/gslepak/3117152101/Programming/Lisp/dragonfly-web-framework/example-site/views/dragonfly_ajax-date
Oct 22 02:41:24 [DEBUG]: Route.View: /Volumes/EspionageMounts/gslepak/3117152101/Programming/Lisp/dragonfly-web-framework/example-site/views/dragonfly_ajax-twitter
Oct 22 02:41:25 [DEBUG]: Route.View: /Volumes/EspionageMounts/gslepak/3117152101/Programming/Lisp/dragonfly-web-framework/example-site/views/dragonfly_ajax-date
Oct 22 02:41:26 [DEBUG]: Route.View: /Volumes/EspionageMounts/gslepak/3117152101/Programming/Lisp/dragonfly-web-framework/example-site/views/dragonfly_ajax-twitter
Oct 22 02:41:26 [DEBUG]: Route.View: /Volumes/EspionageMounts/gslepak/3117152101/Programming/Lisp/dragonfly-web-framework/example-site/views/dragonfly_ajax-date
Oct 22 02:41:27 [DEBUG]: Route.View: /Volumes/EspionageMounts/gslepak/3117152101/Programming/Lisp/dragonfly-web-framework/example-site/views/dragonfly_ajax-twitter
Oct 22 02:41:27 [DEBUG]: Route.View: /Volumes/EspionageMounts/gslepak/3117152101/Programming/Lisp/dragonfly-web-framework/example-site/views/dragonfly_ajax-date
Oct 22 02:41:28 [DEBUG]: Route.View: /Volumes/EspionageMounts/gslepak/3117152101/Programming/Lisp/dragonfly-web-framework/example-site/views/dragonfly_ajax-twitter
Oct 22 02:41:29 [DEBUG]: Route.View: /Volumes/EspionageMounts/gslepak/3117152101/Programming/Lisp/dragonfly-web-framework/example-site/views/dragonfly_ajax-date
Oct 22 02:41:30 [DEBUG]: Route.View: /Volumes/EspionageMounts/gslepak/3117152101/Programming/Lisp/dragonfly-web-framework/example-site/views/dragonfly_ajax-twitter
Oct 22 02:41:30 [DEBUG]: Route.View: /Volumes/EspionageMounts/gslepak/3117152101/Programming/Lisp/dragonfly-web-framework/example-site/views/dragonfly_ajax-date
Oct 22 02:41:31 [DEBUG]: Route.View: /Volumes/EspionageMounts/gslepak/3117152101/Programming/Lisp/dragonfly-web-framework/example-site/views/dragonfly_twitter
Oct 22 02:41:38 [DEBUG]: Route.View: /Volumes/EspionageMounts/gslepak/3117152101/Programming/Lisp/dragonfly-web-framework/example-site/views/dragonfly_seo
Oct 22 02:42:10 [DEBUG]: Route.View: /Volumes/EspionageMounts/gslepak/3117152101/Programming/Lisp/dragonfly-web-framework/example-site/views/dragonfly_seo
Oct 22 02:42:22 [DEBUG]: Route.View: /Volumes/EspionageMounts/gslepak/3117152101/Programming/Lisp/dragonfly-web-framework/example-site/views/dragonfly_seo
Oct 22 02:45:59 [DEBUG]: Route.View: /Volumes/EspionageMounts/gslepak/3117152101/Programming/Lisp/dragonfly-web-framework/example-site/views/dragonfly_seo
Oct 22 02:46:00 [DEBUG]: Route.View: /Volumes/EspionageMounts/gslepak/3117152101/Programming/Lisp/dragonfly-web-framework/example-site/views/dragonfly_seo
Oct 22 02:46:07 [DEBUG]: Route.View: /Volumes/EspionageMounts/gslepak/3117152101/Programming/Lisp/dragonfly-web-framework/example-site/views/dragonfly_seo
Oct 22 02:50:51 [DEBUG]: Route.View: /Volumes/EspionageMounts/gslepak/3117152101/Programming/Lisp/dragonfly-web-framework/example-site/views/dragonfly_seo
Oct 22 02:50:53 [DEBUG]: Route.View: /Volumes/EspionageMounts/gslepak/3117152101/Programming/Lisp/dragonfly-web-framework/example-site/views/dragonfly_seo
Oct 22 02:52:08 [DEBUG]: Route.View: /Volumes/EspionageMounts/gslepak/3117152101/Programming/Lisp/dragonfly-web-framework/example-site/views/dragonfly_seo
Oct 22 02:55:11 [DEBUG]: Route.View: /Volumes/EspionageMounts/gslepak/3117152101/Programming/Lisp/dragonfly-web-framework/example-site/views/dragonfly_seo
Oct 22 02:55:20 [DEBUG]: Route.View: /Volumes/EspionageMounts/gslepak/3117152101/Programming/Lisp/dragonfly-web-framework/example-site/views/dragonfly_seo
Oct 22 02:55:22 [DEBUG]: Route.View: /Volumes/EspionageMounts/gslepak/3117152101/Programming/Lisp/dragonfly-web-framework/example-site/views/dragonfly_seo
Oct 22 02:55:26 [DEBUG]: Route.View: /Volumes/EspionageMounts/gslepak/3117152101/Programming/Lisp/dragonfly-web-framework/example-site/views/dragonfly_seo
Oct 22 02:55:28 [DEBUG]: Route.View: /Volumes/EspionageMounts/gslepak/3117152101/Programming/Lisp/dragonfly-web-framework/example-site/views/dragonfly_seo
Oct 22 02:55:47 [DEBUG]: Route.View: /Volumes/EspionageMounts/gslepak/3117152101/Programming/Lisp/dragonfly-web-framework/example-site/views/blog
Oct 22 02:55:50 [DEBUG]: Route.ALL
Oct 22 02:55:57 [DEBUG]: Route.View: /Volumes/EspionageMounts/gslepak/3117152101/Programming/Lisp/dragonfly-web-framework/example-site/views/dragonfly_ajax
Oct 22 02:55:58 [DEBUG]: Route.View: /Volumes/EspionageMounts/gslepak/3117152101/Programming/Lisp/dragonfly-web-framework/example-site/views/dragonfly_ajax-twitter
Oct 22 02:55:58 [DEBUG]: Route.View: /Volumes/EspionageMounts/gslepak/3117152101/Programming/Lisp/dragonfly-web-framework/example-site/views/dragonfly_ajax-date
Oct 22 02:55:59 [DEBUG]: Route.View: /Volumes/EspionageMounts/gslepak/3117152101/Programming/Lisp/dragonfly-web-framework/example-site/views/dragonfly_ajax-twitter
Oct 22 02:55:59 [DEBUG]: Route.View: /Volumes/EspionageMounts/gslepak/3117152101/Programming/Lisp/dragonfly-web-framework/example-site/views/dragonfly_ajax-date
Oct 22 02:56:00 [DEBUG]: Route.View: /Volumes/EspionageMounts/gslepak/3117152101/Programming/Lisp/dragonfly-web-framework/example-site/views/dragonfly_ajax-twitter
Oct 22 02:56:01 [DEBUG]: Route.View: /Volumes/EspionageMounts/gslepak/3117152101/Programming/Lisp/dragonfly-web-framework/example-site/views/dragonfly_ajax-date
Oct 22 02:56:02 [DEBUG]: Route.View: /Volumes/EspionageMounts/gslepak/3117152101/Programming/Lisp/dragonfly-web-framework/example-site/views/dragonfly_ajax-twitter
Oct 22 02:56:02 [DEBUG]: Route.View: /Volumes/EspionageMounts/gslepak/3117152101/Programming/Lisp/dragonfly-web-framework/example-site/views/dragonfly_ajax-date
Oct 22 02:56:03 [DEBUG]: Route.View: /Volumes/EspionageMounts/gslepak/3117152101/Programming/Lisp/dragonfly-web-framework/example-site/views/dragonfly_ajax-twitter
Oct 22 02:56:04 [DEBUG]: Route.View: /Volumes/EspionageMounts/gslepak/3117152101/Programming/Lisp/dragonfly-web-framework/example-site/views/dragonfly_ajax-date
Oct 22 02:56:05 [DEBUG]: Route.View: /Volumes/EspionageMounts/gslepak/3117152101/Programming/Lisp/dragonfly-web-framework/example-site/views/dragonfly_ajax-twitter
Oct 22 02:56:05 [DEBUG]: Route.View: /Volumes/EspionageMounts/gslepak/3117152101/Programming/Lisp/dragonfly-web-framework/example-site/views/dragonfly_ajax-date
Oct 22 02:56:06 [DEBUG]: Route.View: /Volumes/EspionageMounts/gslepak/3117152101/Programming/Lisp/dragonfly-web-framework/example-site/views/dragonfly_ajax-twitter
Oct 22 02:56:07 [DEBUG]: Route.View: /Volumes/EspionageMounts/gslepak/3117152101/Programming/Lisp/dragonfly-web-framework/example-site/views/dragonfly_ajax-date
Oct 22 02:56:07 [DEBUG]: Route.View: /Volumes/EspionageMounts/gslepak/3117152101/Programming/Lisp/dragonfly-web-framework/example-site/views/dragonfly_welcome
Oct 22 02:59:35 [DEBUG]: Route.View: /Volumes/EspionageMounts/gslepak/3117152101/Programming/Lisp/dragonfly-web-framework/example-site/views/dragonfly_debug
Oct 22 03:00:44 [DEBUG]: Route.ALL
Oct 22 03:04:31 [DEBUG]: Route.View: /Volumes/EspionageMounts/gslepak/3117152101/Programming/Lisp/dragonfly-web-framework/example-site/views/dragonfly_debug
Oct 22 03:04:37 [DEBUG]: Route.View: /Volumes/EspionageMounts/gslepak/3117152101/Programming/Lisp/dragonfly-web-framework/example-site/views/dragonfly_debug
